[0.072s] Invoking command in '/home/cimi/Documents/Workspace/humble/latihan_ws/build/custom_message': /usr/bin/cmake --build /home/cimi/Documents/Workspace/humble/latihan_ws/build/custom_message -- -j8 -l8
[0.159s] -- Found ament_cmake: 1.3.5 (/home/cimi/ros2_humble/install/ament_cmake/share/ament_cmake/cmake)
[0.949s] -- Found rclcpp: 16.0.4 (/home/cimi/ros2_humble/install/rclcpp/share/rclcpp/cmake)
[1.027s] -- Found rosidl_generator_c: 3.1.4 (/home/cimi/ros2_humble/install/rosidl_generator_c/share/rosidl_generator_c/cmake)
[1.031s] -- Found rosidl_adapter: 3.1.4 (/home/cimi/ros2_humble/install/rosidl_adapter/share/rosidl_adapter/cmake)
[1.038s] -- Found rosidl_generator_cpp: 3.1.4 (/home/cimi/ros2_humble/install/rosidl_generator_cpp/share/rosidl_generator_cpp/cmake)
[1.089s] -- Using all available rosidl_typesupport_c: rosidl_typesupport_introspection_c;rosidl_typesupport_fastrtps_c
[1.144s] -- Using all available rosidl_typesupport_cpp: rosidl_typesupport_introspection_cpp;rosidl_typesupport_fastrtps_cpp
[1.363s] -- Found rmw_implementation_cmake: 6.1.1 (/home/cimi/ros2_humble/install/rmw_implementation_cmake/share/rmw_implementation_cmake/cmake)
[1.406s] -- Found rmw_fastrtps_cpp: 6.2.2 (/home/cimi/ros2_humble/install/rmw_fastrtps_cpp/share/rmw_fastrtps_cpp/cmake)
[1.718s] -- Found OpenSSL: /usr/lib/x86_64-linux-gnu/libcrypto.so (found version "1.1.1f")  
[1.789s] -- Found FastRTPS: /home/cimi/ros2_humble/install/fastrtps/include  
[1.936s] -- Using RMW implementation 'rmw_fastrtps_cpp' as default
[1.986s] -- Looking for pthread.h
[2.153s] -- Looking for pthread.h - found
[2.154s] -- Performing Test CMAKE_HAVE_LIBC_PTHREAD
[2.332s] -- Performing Test CMAKE_HAVE_LIBC_PTHREAD - Failed
[2.332s] -- Looking for pthread_create in pthreads
[2.514s] -- Looking for pthread_create in pthreads - not found
[2.514s] -- Looking for pthread_create in pthread
[2.704s] -- Looking for pthread_create in pthread - found
[2.706s] -- Found Threads: TRUE  
[3.059s] -- Found geometry_msgs: 4.2.3 (/home/cimi/ros2_humble/install/geometry_msgs/share/geometry_msgs/cmake)
[3.141s] -- Found rosidl_default_generators: 1.2.0 (/home/cimi/ros2_humble/install/rosidl_default_generators/share/rosidl_default_generators/cmake)
[3.256s] -- Found custom_message: 0.0.0 (/home/cimi/Documents/Workspace/humble/latihan_ws/install/custom_message/share/custom_message/cmake)
[6.298s] Error parsing '/home/cimi/Documents/Workspace/humble/latihan_ws/src/custom_message/package.xml':
[8.016s] Traceback (most recent call last):
[8.017s]   File "/home/cimi/ros2_humble/install/ament_cmake_core/share/ament_cmake_core/cmake/core/package_xml_2_cmake.py", line 150, in <module>
[8.018s]     main()
[8.019s]   File "/home/cimi/ros2_humble/install/ament_cmake_core/share/ament_cmake_core/cmake/core/package_xml_2_cmake.py", line 53, in main
[8.020s]     raise e
[8.021s]   File "/home/cimi/ros2_humble/install/ament_cmake_core/share/ament_cmake_core/cmake/core/package_xml_2_cmake.py", line 49, in main
[8.022s]     package = parse_package_string(
[8.023s]   File "/usr/local/lib/python3.8/dist-packages/catkin_pkg/package.py", line 788, in parse_package_string
[8.024s]     pkg.validate(warnings=warnings)
[8.024s]   File "/usr/local/lib/python3.8/dist-packages/catkin_pkg/package.py", line 330, in validate
[8.025s]     raise InvalidPackage('\n'.join(errors), self.filename)
[8.026s] catkin_pkg.package.InvalidPackage: Error(s) in package '/home/cimi/Documents/Workspace/humble/latihan_ws/src/custom_message/package.xml':
[8.027s] The package "custom_message" must not "build_depend" on a package with the same name as this package
[8.028s] The package "custom_message" must not "build_export_depend" on a package with the same name as this package
[8.029s] The package "custom_message" must not "exec_depend" on a package with the same name as this package
[8.132s] CMake Error at /home/cimi/ros2_humble/install/ament_cmake_core/share/ament_cmake_core/cmake/core/ament_package_xml.cmake:95 (message):
[8.133s]   execute_process(/usr/bin/python3.8
[8.134s]   /home/cimi/ros2_humble/install/ament_cmake_core/share/ament_cmake_core/cmake/core/package_xml_2_cmake.py
[8.135s]   /home/cimi/Documents/Workspace/humble/latihan_ws/src/custom_message/package.xml
[8.136s]   /home/cimi/Documents/Workspace/humble/latihan_ws/build/custom_message/ament_cmake_core/package.cmake)
[8.137s]   returned error code 1
[8.138s] Call Stack (most recent call first):
[8.139s]   /home/cimi/ros2_humble/install/ament_cmake_core/share/ament_cmake_core/cmake/core/ament_package_xml.cmake:49 (_ament_package_xml)
[8.140s]   /home/cimi/ros2_humble/install/rosidl_cmake/share/rosidl_cmake/cmake/rosidl_generate_interfaces.cmake:226 (ament_package_xml)
[8.141s]   CMakeLists.txt:21 (rosidl_generate_interfaces)
[8.142s] 
[8.143s] 
[8.152s] -- Configuring incomplete, errors occurred!
[8.153s] See also "/home/cimi/Documents/Workspace/humble/latihan_ws/build/custom_message/CMakeFiles/CMakeOutput.log".
[8.154s] See also "/home/cimi/Documents/Workspace/humble/latihan_ws/build/custom_message/CMakeFiles/CMakeError.log".
[8.205s] make: *** [Makefile:1256: cmake_check_build_system] Error 1
[8.222s] Invoked command in '/home/cimi/Documents/Workspace/humble/latihan_ws/build/custom_message' returned '2': /usr/bin/cmake --build /home/cimi/Documents/Workspace/humble/latihan_ws/build/custom_message -- -j8 -l8
